#
# There is insufficient memory for the Java Runtime Environment to continue.
# Native memory allocation (malloc) failed to allocate 61456 bytes for Chunk::new
# Possible reasons:
#   The system is out of physical RAM or swap space
#   The process is running with CompressedOops enabled, and the Java Heap may be blocking the growth of the native heap
# Possible solutions:
#   Reduce memory load on the system
#   Increase physical memory or swap space
#   Check if swap backing store is full
#   Decrease Java heap size (-Xmx/-Xms)
#   Decrease number of Java threads
#   Decrease Java thread stack sizes (-Xss)
#   Set larger code cache with -XX:ReservedCodeCacheSize=
#   JVM is running with Unscaled Compressed Oops mode in which the Java heap is
#     placed in the first 4GB address space. The Java Heap base address is the
#     maximum limit for the native heap growth. Please use -XX:HeapBaseMinAddress
#     to set the Java Heap base and to place the Java Heap above 4GB virtual address.
# This output file may be truncated or incomplete.
#
#  Out of Memory Error (arena.cpp:189), pid=15084, tid=5964
#
# JRE version: OpenJDK Runtime Environment (17.0.4.1) (build 17.0.4.1+0-b2043.56-9127311)
# Java VM: OpenJDK 64-Bit Server VM (17.0.4.1+0-b2043.56-9127311, mixed mode, tiered, compressed oops, compressed class ptrs, g1 gc, windows-amd64)
# No core dump will be written. Minidumps are not enabled by default on client versions of Windows
#

---------------  S U M M A R Y ------------

Command Line: --add-opens=java.base/java.util=ALL-UNNAMED --add-opens=java.base/java.lang=ALL-UNNAMED --add-opens=java.base/java.lang.invoke=ALL-UNNAMED --add-opens=java.base/java.util=ALL-UNNAMED --add-opens=java.prefs/java.util.prefs=ALL-UNNAMED --add-opens=java.prefs/java.util.prefs=ALL-UNNAMED --add-opens=java.base/java.nio.charset=ALL-UNNAMED --add-opens=java.base/java.net=ALL-UNNAMED --add-opens=java.base/java.util.concurrent.atomic=ALL-UNNAMED -Xmx2048m -Dfile.encoding=UTF-8 -Duser.country=RU -Duser.language=ru -Duser.variant org.gradle.launcher.daemon.bootstrap.GradleDaemon 7.5

Host: AMD Ryzen 5 3500U with Radeon Vega Mobile Gfx  , 8 cores, 6G,  Windows 10 , 64 bit Build 19041 (10.0.19041.2546)
Time: Mon Mar  6 23:38:39 2023 RTZ 2 (s 10 , 64 bit Build 19041 (10.0.19041.2546) elapsed time: 599.824229 seconds (0d 0h 9m 59s)

---------------  T H R E A D  ---------------

Current thread (0x000002a16c91c900):  JavaThread "C2 CompilerThread0" daemon [_thread_in_native, id=5964, stack(0x000000a7f2500000,0x000000a7f2600000)]


Current CompileTask:
C2: 599824 16260 %     4       java.io.DataOutputStream::writeUTF @ 10 (411 bytes)

Stack: [0x000000a7f2500000,0x000000a7f2600000]
Native frames: (J=compiled Java code, j=interpreted, Vv=VM code, C=native code)
V  [jvm.dll+0x68356a]
V  [jvm.dll+0x83fab4]
V  [jvm.dll+0x84125e]
V  [jvm.dll+0x8418c3]
V  [jvm.dll+0x249735]
V  [jvm.dll+0xabd5c]
V  [jvm.dll+0xac32c]
V  [jvm.dll+0x56b5c8]
V  [jvm.dll+0x332da0]
V  [jvm.dll+0x33221a]
V  [jvm.dll+0x21be41]
V  [jvm.dll+0x21b261]
V  [jvm.dll+0x1a4dfd]
V  [jvm.dll+0x22acd8]
V  [jvm.dll+0x228d89]
V  [jvm.dll+0x7f53ac]
V  [jvm.dll+0x7ef8da]
V  [jvm.dll+0x6823a5]
C  [ucrtbase.dll+0x21bb2]
C  [KERNEL32.DLL+0x17614]
C  [ntdll.dll+0x526a1]


---------------  P R O C E S S  ---------------

Threads class SMR info:
_java_thread_list=0x000002a1781e8c30, length=44, elements={
0x000002a152118dc0, 0x000002a16bf447e0, 0x000002a16bf80c70, 0x000002a16bf59f60,
0x000002a16bf5a910, 0x000002a16bf5ba60, 0x000002a16c918810, 0x000002a16c91c900,
0x000002a16c91da90, 0x000002a16c9553a0, 0x000002a16caade10, 0x000002a16cad49d0,
0x000002a16de9a260, 0x000002a16dec3190, 0x000002a16dec2cc0, 0x000002a16dec27f0,
0x000002a16dec44d0, 0x000002a16dec0b10, 0x000002a16dec0fe0, 0x000002a170eb87a0,
0x000002a170eb8c70, 0x000002a170eb9140, 0x000002a170eb65f0, 0x000002a170eb9610,
0x000002a170eb2290, 0x000002a170eb2760, 0x000002a170eb52b0, 0x000002a171188580,
0x000002a171185f00, 0x000002a1711868a0, 0x000002a172e1e8a0, 0x000002a172e1ed70,
0x000002a16ff9a630, 0x000002a17810fb30, 0x000002a171a59d30, 0x000002a177ff52b0,
0x000002a177ff4de0, 0x000002a177ff4440, 0x000002a16fc0c450, 0x000002a16fc0c920,
0x000002a178291670, 0x000002a171a58050, 0x000002a171a5a200, 0x000002a171a59390
}

Java Threads: ( => current thread )
  0x000002a152118dc0 JavaThread "main" [_thread_blocked, id=6752, stack(0x000000a7f1800000,0x000000a7f1900000)]
  0x000002a16bf447e0 JavaThread "Reference Handler" daemon [_thread_blocked, id=8456, stack(0x000000a7f1f00000,0x000000a7f2000000)]
  0x000002a16bf80c70 JavaThread "Finalizer" daemon [_thread_blocked, id=260, stack(0x000000a7f2000000,0x000000a7f2100000)]
  0x000002a16bf59f60 JavaThread "Signal Dispatcher" daemon [_thread_blocked, id=16368, stack(0x000000a7f2100000,0x000000a7f2200000)]
  0x000002a16bf5a910 JavaThread "Attach Listener" daemon [_thread_blocked, id=16420, stack(0x000000a7f2200000,0x000000a7f2300000)]
  0x000002a16bf5ba60 JavaThread "Service Thread" daemon [_thread_blocked, id=832, stack(0x000000a7f2300000,0x000000a7f2400000)]
  0x000002a16c918810 JavaThread "Monitor Deflation Thread" daemon [_thread_blocked, id=4024, stack(0x000000a7f2400000,0x000000a7f2500000)]
=>0x000002a16c91c900 JavaThread "C2 CompilerThread0" daemon [_thread_in_native, id=5964, stack(0x000000a7f2500000,0x000000a7f2600000)]
  0x000002a16c91da90 JavaThread "C1 CompilerThread0" daemon [_thread_in_native, id=16940, stack(0x000000a7f2600000,0x000000a7f2700000)]
  0x000002a16c9553a0 JavaThread "Sweeper thread" daemon [_thread_blocked, id=13780, stack(0x000000a7f2700000,0x000000a7f2800000)]
  0x000002a16caade10 JavaThread "Common-Cleaner" daemon [_thread_blocked, id=17276, stack(0x000000a7f2800000,0x000000a7f2900000)]
  0x000002a16cad49d0 JavaThread "Notification Thread" daemon [_thread_blocked, id=14144, stack(0x000000a7f2900000,0x000000a7f2a00000)]
  0x000002a16de9a260 JavaThread "Daemon health stats" [_thread_blocked, id=16524, stack(0x000000a7f2f00000,0x000000a7f3000000)]
  0x000002a16dec3190 JavaThread "Incoming local TCP Connector on port 51271" [_thread_in_native, id=16664, stack(0x000000a7f3000000,0x000000a7f3100000)]
  0x000002a16dec2cc0 JavaThread "Daemon periodic checks" [_thread_blocked, id=15596, stack(0x000000a7f3100000,0x000000a7f3200000)]
  0x000002a16dec27f0 JavaThread "Cache worker for journal cache (C:\Users\Рин\.gradle\caches\journal-1)" [_thread_blocked, id=2004, stack(0x000000a7f3900000,0x000000a7f3a00000)]
  0x000002a16dec44d0 JavaThread "File lock request listener" [_thread_in_native, id=3616, stack(0x000000a7f3a00000,0x000000a7f3b00000)]
  0x000002a16dec0b10 JavaThread "Cache worker for file hash cache (C:\Users\Рин\.gradle\caches\7.5\fileHashes)" [_thread_blocked, id=8816, stack(0x000000a7f3f00000,0x000000a7f4000000)]
  0x000002a16dec0fe0 JavaThread "File watcher server" daemon [_thread_in_native, id=3848, stack(0x000000a7f4100000,0x000000a7f4200000)]
  0x000002a170eb87a0 JavaThread "File watcher consumer" daemon [_thread_blocked, id=15408, stack(0x000000a7f4200000,0x000000a7f4300000)]
  0x000002a170eb8c70 JavaThread "Cache worker for file content cache (C:\Users\Рин\.gradle\caches\7.5\fileContent)" [_thread_blocked, id=7300, stack(0x000000a7f4500000,0x000000a7f4600000)]
  0x000002a170eb9140 JavaThread "Cache worker for execution history cache (C:\Users\Рин\.gradle\caches\7.5\executionHistory)" [_thread_blocked, id=2684, stack(0x000000a7f4800000,0x000000a7f4900000)]
  0x000002a170eb65f0 JavaThread "jar transforms" [_thread_blocked, id=1792, stack(0x000000a7f4900000,0x000000a7f4a00000)]
  0x000002a170eb9610 JavaThread "jar transforms Thread 2" [_thread_blocked, id=9512, stack(0x000000a7f4a00000,0x000000a7f4b00000)]
  0x000002a170eb2290 JavaThread "jar transforms Thread 3" [_thread_blocked, id=8372, stack(0x000000a7f4000000,0x000000a7f4100000)]
  0x000002a170eb2760 JavaThread "jar transforms Thread 4" [_thread_blocked, id=4016, stack(0x000000a7f4d00000,0x000000a7f4e00000)]
  0x000002a170eb52b0 JavaThread "jar transforms Thread 5" [_thread_blocked, id=9076, stack(0x000000a7f4f00000,0x000000a7f5000000)]
  0x000002a171188580 JavaThread "jar transforms Thread 6" [_thread_blocked, id=6960, stack(0x000000a7fa100000,0x000000a7fa200000)]
  0x000002a171185f00 JavaThread "jar transforms Thread 7" [_thread_blocked, id=13480, stack(0x000000a7fa200000,0x000000a7fa300000)]
  0x000002a1711868a0 JavaThread "jar transforms Thread 8" [_thread_blocked, id=14548, stack(0x000000a7fa300000,0x000000a7fa400000)]
  0x000002a172e1e8a0 JavaThread "Memory manager" [_thread_blocked, id=9708, stack(0x000000a7f1700000,0x000000a7f1800000)]
  0x000002a172e1ed70 JavaThread "pool-3-thread-1" [_thread_blocked, id=9764, stack(0x000000a7fa700000,0x000000a7fa800000)]
  0x000002a16ff9a630 JavaThread "pool-8-thread-1" [_thread_blocked, id=5400, stack(0x000000a7fab00000,0x000000a7fac00000)]
  0x000002a17810fb30 JavaThread "pool-11-thread-1" [_thread_blocked, id=14632, stack(0x000000a7fa400000,0x000000a7fa500000)]
  0x000002a171a59d30 JavaThread "Daemon Thread 3" [_thread_blocked, id=13800, stack(0x000000a7f1500000,0x000000a7f1600000)]
  0x000002a177ff52b0 JavaThread "Handler for socket connection from /127.0.0.1:51271 to /127.0.0.1:51452" [_thread_in_native, id=2188, stack(0x000000a7f1600000,0x000000a7f1700000)]
  0x000002a177ff4de0 JavaThread "Cancel handler" [_thread_blocked, id=12220, stack(0x000000a7f3200000,0x000000a7f3300000)]
  0x000002a177ff4440 JavaThread "Daemon worker Thread 3" [_thread_in_vm, id=14184, stack(0x000000a7f3300000,0x000000a7f3400000)]
  0x000002a16fc0c450 JavaThread "Asynchronous log dispatcher for DefaultDaemonConnection: socket connection from /127.0.0.1:51271 to /127.0.0.1:51452" [_thread_blocked, id=4740, stack(0x000000a7f3400000,0x000000a7f3500000)]
  0x000002a16fc0c920 JavaThread "Stdin handler" [_thread_blocked, id=14736, stack(0x000000a7f3500000,0x000000a7f3600000)]
  0x000002a178291670 JavaThread "Daemon client event forwarder" [_thread_blocked, id=16592, stack(0x000000a7f3600000,0x000000a7f3700000)]
  0x000002a171a58050 JavaThread "Cache worker for checksums cache (D:\RecyclerAndList\.gradle\7.5\checksums)" [_thread_blocked, id=14400, stack(0x000000a7f3700000,0x000000a7f3800000)]
  0x000002a171a5a200 JavaThread "Cache worker for cache directory md-rule (C:\Users\Рин\.gradle\caches\7.5\md-rule)" [_thread_blocked, id=14996, stack(0x000000a7f3800000,0x000000a7f3900000)]
  0x000002a171a59390 JavaThread "Cache worker for file hash cache (D:\RecyclerAndList\.gradle\7.5\fileHashes)" [_thread_blocked, id=14820, stack(0x000000a7f4300000,0x000000a7f4400000)]

Other Threads:
  0x000002a16bf3eef0 VMThread "VM Thread" [stack: 0x000000a7f1e00000,0x000000a7f1f00000] [id=16108]
  0x000002a16caae6f0 WatcherThread [stack: 0x000000a7f2a00000,0x000000a7f2b00000] [id=12740]
  0x000002a152172a30 GCTaskThread "GC Thread#0" [stack: 0x000000a7f1900000,0x000000a7f1a00000] [id=10628]
  0x000002a16e1cc850 GCTaskThread "GC Thread#1" [stack: 0x000000a7f2c00000,0x000000a7f2d00000] [id=9716]
  0x000002a16cee7aa0 GCTaskThread "GC Thread#2" [stack: 0x000000a7f2d00000,0x000000a7f2e00000] [id=12636]
  0x000002a16ddf9300 GCTaskThread "GC Thread#3" [stack: 0x000000a7f2e00000,0x000000a7f2f00000] [id=11816]
  0x000002a16ce0cd20 GCTaskThread "GC Thread#4" [stack: 0x000000a7f2b00000,0x000000a7f2c00000] [id=14180]
  0x000002a16d280470 GCTaskThread "GC Thread#5" [stack: 0x000000a7f3b00000,0x000000a7f3c00000] [id=16312]
  0x000002a16d280720 GCTaskThread "GC Thread#6" [stack: 0x000000a7f3c00000,0x000000a7f3d00000] [id=13084]
  0x000002a16d2809d0 GCTaskThread "GC Thread#7" [stack: 0x000000a7f3d00000,0x000000a7f3e00000] [id=1544]
  0x000002a1521838e0 ConcurrentGCThread "G1 Main Marker" [stack: 0x000000a7f1a00000,0x000000a7f1b00000] [id=8728]
  0x000002a152184930 ConcurrentGCThread "G1 Conc#0" [stack: 0x000000a7f1b00000,0x000000a7f1c00000] [id=5240]
  0x000002a16de89030 ConcurrentGCThread "G1 Conc#1" [stack: 0x000000a7f3e00000,0x000000a7f3f00000] [id=9364]
  0x000002a16bdb20b0 ConcurrentGCThread "G1 Refine#0" [stack: 0x000000a7f1c00000,0x000000a7f1d00000] [id=12672]
  0x000002a16e4c0bb0 ConcurrentGCThread "G1 Refine#1" [stack: 0x000000a7f4b00000,0x000000a7f4c00000] [id=6208]
  0x000002a171883010 ConcurrentGCThread "G1 Refine#2" [stack: 0x000000a7fa600000,0x000000a7fa700000] [id=14052]
  0x000002a16bdb2870 ConcurrentGCThread "G1 Service" [stack: 0x000000a7f1d00000,0x000000a7f1e00000] [id=16196]

Threads with active compile tasks:
C2 CompilerThread0   600182 16260 %     4       java.io.DataOutputStream::writeUTF @ 10 (411 bytes)

VM state: not at safepoint (normal execution)

VM Mutex/Monitor currently owned by a thread: None

OutOfMemory and StackOverflow Exception counts:
OutOfMemoryError java_heap_errors=1
LinkageErrors=164

Heap address: 0x0000000080000000, size: 2048 MB, Compressed Oops mode: 32-bit

CDS archive(s) not mapped
Compressed class space mapped at: 0x0000000100000000-0x0000000140000000, reserved size: 1073741824
Narrow klass base: 0x0000000000000000, Narrow klass shift: 3, Narrow klass range: 0x140000000

GC Precious Log:
 CPUs: 8 total, 8 available
 Memory: 7103M
 Large Page Support: Disabled
 NUMA Support: Disabled
 Compressed Oops: Enabled (32-bit)
 Heap Region Size: 1M
 Heap Min Capacity: 8M
 Heap Initial Capacity: 112M
 Heap Max Capacity: 2G
 Pre-touch: Disabled
 Parallel Workers: 8
 Concurrent Workers: 2
 Concurrent Refinement Workers: 8
 Periodic GC: Disabled

Heap:
 garbage-first heap   total 237568K, used 171300K [0x0000000080000000, 0x0000000100000000)
  region size 1024K, 72 young (73728K), 2 survivors (2048K)
 Metaspace       used 113450K, committed 114240K, reserved 1155072K
  class space    used 14905K, committed 15296K, reserved 1048576K

Heap Regions: E=young(eden), S=young(survivor), O=old, HS=humongous(starts), HC=humongous(continues), CS=collection set, F=free, OA=open archive, CA=closed archive, TAMS=top-at-mark-start (previous, next)
|   0|0x0000000080000000, 0x0000000080100000, 0x0000000080100000|100%| O|  |TAMS 0x0000000080100000, 0x0000000080000000| Untracked 
|   1|0x0000000080100000, 0x0000000080200000, 0x0000000080200000|100%| O|  |TAMS 0x0000000080200000, 0x0000000080100000| Untracked 
|   2|0x0000000080200000, 0x0000000080300000, 0x0000000080300000|100%| O|  |TAMS 0x0000000080300000, 0x0000000080200000| Untracked 
|   3|0x0000000080300000, 0x0000000080400000, 0x0000000080400000|100%|HS|  |TAMS 0x0000000080400000, 0x0000000080300000| Complete 
|   4|0x0000000080400000, 0x0000000080500000, 0x0000000080500000|100%|HC|  |TAMS 0x0000000080500000, 0x0000000080400000| Complete 
|   5|0x0000000080500000, 0x0000000080600000, 0x0000000080600000|100%|HC|  |TAMS 0x0000000080600000, 0x0000000080500000| Complete 
|   6|0x0000000080600000, 0x0000000080700000, 0x0000000080700000|100%| O|  |TAMS 0x0000000080700000, 0x0000000080600000| Untracked 
|   7|0x0000000080700000, 0x0000000080800000, 0x0000000080800000|100%| O|  |TAMS 0x0000000080800000, 0x0000000080700000| Untracked 
|   8|0x0000000080800000, 0x0000000080900000, 0x0000000080900000|100%| O|  |TAMS 0x0000000080900000, 0x0000000080800000| Untracked 
|   9|0x0000000080900000, 0x0000000080a00000, 0x0000000080a00000|100%| O|  |TAMS 0x0000000080a00000, 0x0000000080900000| Untracked 
|  10|0x0000000080a00000, 0x0000000080acec00, 0x0000000080b00000| 80%| O|  |TAMS 0x0000000080acec00, 0x0000000080a00000| Untracked 
|  11|0x0000000080b00000, 0x0000000080c00000, 0x0000000080c00000|100%| O|  |TAMS 0x0000000080c00000, 0x0000000080b00000| Untracked 
|  12|0x0000000080c00000, 0x0000000080d00000, 0x0000000080d00000|100%| O|  |TAMS 0x0000000080d00000, 0x0000000080c00000| Untracked 
|  13|0x0000000080d00000, 0x0000000080e00000, 0x0000000080e00000|100%| O|  |TAMS 0x0000000080e00000, 0x0000000080d00000| Untracked 
|  14|0x0000000080e00000, 0x0000000080f00000, 0x0000000080f00000|100%| O|  |TAMS 0x0000000080f00000, 0x0000000080e00000| Untracked 
|  15|0x0000000080f00000, 0x0000000081000000, 0x0000000081000000|100%| O|  |TAMS 0x0000000081000000, 0x0000000080f00000| Untracked 
|  16|0x0000000081000000, 0x0000000081100000, 0x0000000081100000|100%| O|  |TAMS 0x0000000081100000, 0x0000000081000000| Untracked 
|  17|0x0000000081100000, 0x0000000081200000, 0x0000000081200000|100%| O|  |TAMS 0x0000000081200000, 0x0000000081100000| Untracked 
|  18|0x0000000081200000, 0x0000000081300000, 0x0000000081300000|100%| O|  |TAMS 0x0000000081300000, 0x0000000081200000| Untracked 
|  19|0x0000000081300000, 0x0000000081400000, 0x0000000081400000|100%| O|  |TAMS 0x0000000081400000, 0x0000000081300000| Untracked 
|  20|0x0000000081400000, 0x0000000081500000, 0x0000000081500000|100%| O|  |TAMS 0x0000000081500000, 0x0000000081400000| Untracked 
|  21|0x0000000081500000, 0x0000000081600000, 0x0000000081600000|100%| O|  |TAMS 0x0000000081600000, 0x0000000081500000| Untracked 
|  22|0x0000000081600000, 0x0000000081700000, 0x0000000081700000|100%| O|  |TAMS 0x0000000081700000, 0x0000000081600000| Untracked 
|  23|0x0000000081700000, 0x0000000081800000, 0x0000000081800000|100%| O|  |TAMS 0x0000000081800000, 0x0000000081700000| Untracked 
|  24|0x0000000081800000, 0x0000000081900000, 0x0000000081900000|100%| O|  |TAMS 0x0000000081900000, 0x0000000081800000| Untracked 
|  25|0x0000000081900000, 0x0000000081a00000, 0x0000000081a00000|100%| O|  |TAMS 0x0000000081a00000, 0x0000000081900000| Untracked 
|  26|0x0000000081a00000, 0x0000000081b00000, 0x0000000081b00000|100%| O|  |TAMS 0x0000000081b00000, 0x0000000081a00000| Untracked 
|  27|0x0000000081b00000, 0x0000000081c00000, 0x0000000081c00000|100%| O|  |TAMS 0x0000000081c00000, 0x0000000081b00000| Untracked 
|  28|0x0000000081c00000, 0x0000000081d00000, 0x0000000081d00000|100%| O|  |TAMS 0x0000000081d00000, 0x0000000081c00000| Untracked 
|  29|0x0000000081d00000, 0x0000000081e00000, 0x0000000081e00000|100%| O|  |TAMS 0x0000000081e00000, 0x0000000081d00000| Untracked 
|  30|0x0000000081e00000, 0x0000000081f00000, 0x0000000081f00000|100%| O|  |TAMS 0x0000000081f00000, 0x0000000081e00000| Untracked 
|  31|0x0000000081f00000, 0x0000000082000000, 0x0000000082000000|100%| O|  |TAMS 0x0000000082000000, 0x0000000081f00000| Untracked 
|  32|0x0000000082000000, 0x0000000082100000, 0x0000000082100000|100%| O|  |TAMS 0x0000000082100000, 0x0000000082000000| Untracked 
|  33|0x0000000082100000, 0x0000000082200000, 0x0000000082200000|100%| O|  |TAMS 0x0000000082200000, 0x0000000082100000| Untracked 
|  34|0x0000000082200000, 0x0000000082300000, 0x0000000082300000|100%| O|  |TAMS 0x0000000082300000, 0x0000000082200000| Untracked 
|  35|0x0000000082300000, 0x0000000082400000, 0x0000000082400000|100%| O|  |TAMS 0x0000000082400000, 0x0000000082300000| Untracked 
|  36|0x0000000082400000, 0x0000000082500000, 0x0000000082500000|100%| O|  |TAMS 0x0000000082500000, 0x0000000082400000| Untracked 
|  37|0x0000000082500000, 0x0000000082600000, 0x0000000082600000|100%|HS|  |TAMS 0x0000000082600000, 0x0000000082500000| Complete 
|  38|0x0000000082600000, 0x0000000082700000, 0x0000000082700000|100%| O|  |TAMS 0x0000000082700000, 0x0000000082600000| Untracked 
|  39|0x0000000082700000, 0x0000000082800000, 0x0000000082800000|100%| O|  |TAMS 0x0000000082800000, 0x0000000082700000| Untracked 
|  40|0x0000000082800000, 0x0000000082900000, 0x0000000082900000|100%|HS|  |TAMS 0x0000000082900000, 0x0000000082800000| Complete 
|  41|0x0000000082900000, 0x0000000082a00000, 0x0000000082a00000|100%| O|  |TAMS 0x0000000082a00000, 0x0000000082900000| Untracked 
|  42|0x0000000082a00000, 0x0000000082b00000, 0x0000000082b00000|100%| O|  |TAMS 0x0000000082b00000, 0x0000000082a00000| Untracked 
|  43|0x0000000082b00000, 0x0000000082c00000, 0x0000000082c00000|100%| O|  |TAMS 0x0000000082c00000, 0x0000000082b00000| Untracked 
|  44|0x0000000082c00000, 0x0000000082d00000, 0x0000000082d00000|100%| O|  |TAMS 0x0000000082d00000, 0x0000000082c00000| Untracked 
|  45|0x0000000082d00000, 0x0000000082e00000, 0x0000000082e00000|100%| O|  |TAMS 0x0000000082e00000, 0x0000000082d00000| Untracked 
|  46|0x0000000082e00000, 0x0000000082f00000, 0x0000000082f00000|100%| O|  |TAMS 0x0000000082f00000, 0x0000000082e00000| Untracked 
|  47|0x0000000082f00000, 0x0000000083000000, 0x0000000083000000|100%| O|  |TAMS 0x0000000083000000, 0x0000000082f00000| Untracked 
|  48|0x0000000083000000, 0x0000000083100000, 0x0000000083100000|100%| O|  |TAMS 0x0000000083100000, 0x0000000083000000| Untracked 
|  49|0x0000000083100000, 0x0000000083200000, 0x0000000083200000|100%| O|  |TAMS 0x0000000083200000, 0x0000000083100000| Untracked 
|  50|0x0000000083200000, 0x0000000083300000, 0x0000000083300000|100%| O|  |TAMS 0x0000000083300000, 0x0000000083200000| Untracked 
|  51|0x0000000083300000, 0x0000000083400000, 0x0000000083400000|100%| O|  |TAMS 0x0000000083400000, 0x0000000083300000| Untracked 
|  52|0x0000000083400000, 0x0000000083500000, 0x0000000083500000|100%| O|  |TAMS 0x0000000083500000, 0x0000000083400000| Untracked 
|  53|0x0000000083500000, 0x0000000083600000, 0x0000000083600000|100%| O|  |TAMS 0x0000000083600000, 0x0000000083500000| Untracked 
|  54|0x0000000083600000, 0x0000000083700000, 0x0000000083700000|100%| O|  |TAMS 0x0000000083700000, 0x0000000083600000| Untracked 
|  55|0x0000000083700000, 0x0000000083800000, 0x0000000083800000|100%| O|  |TAMS 0x0000000083800000, 0x0000000083700000| Untracked 
|  56|0x0000000083800000, 0x0000000083900000, 0x0000000083900000|100%| O|  |TAMS 0x0000000083900000, 0x0000000083800000| Untracked 
|  57|0x0000000083900000, 0x0000000083a00000, 0x0000000083a00000|100%| O|  |TAMS 0x0000000083a00000, 0x0000000083900000| Untracked 
|  58|0x0000000083a00000, 0x0000000083b00000, 0x0000000083b00000|100%| O|  |TAMS 0x0000000083b00000, 0x0000000083a00000| Untracked 
|  59|0x0000000083b00000, 0x0000000083c00000, 0x0000000083c00000|100%| O|  |TAMS 0x0000000083c00000, 0x0000000083b00000| Untracked 
|  60|0x0000000083c00000, 0x0000000083d00000, 0x0000000083d00000|100%| O|  |TAMS 0x0000000083d00000, 0x0000000083c00000| Untracked 
|  61|0x0000000083d00000, 0x0000000083e00000, 0x0000000083e00000|100%| O|  |TAMS 0x0000000083e00000, 0x0000000083d00000| Untracked 
|  62|0x0000000083e00000, 0x0000000083f00000, 0x0000000083f00000|100%| O|  |TAMS 0x0000000083f00000, 0x0000000083e00000| Untracked 
|  63|0x0000000083f00000, 0x0000000084000000, 0x0000000084000000|100%| O|  |TAMS 0x0000000084000000, 0x0000000083f00000| Untracked 
|  64|0x0000000084000000, 0x0000000084100000, 0x0000000084100000|100%| O|  |TAMS 0x0000000084100000, 0x0000000084000000| Untracked 
|  65|0x0000000084100000, 0x0000000084200000, 0x0000000084200000|100%| O|  |TAMS 0x0000000084200000, 0x0000000084100000| Untracked 
|  66|0x0000000084200000, 0x0000000084300000, 0x0000000084300000|100%| O|  |TAMS 0x0000000084300000, 0x0000000084200000| Untracked 
|  67|0x0000000084300000, 0x0000000084400000, 0x0000000084400000|100%| O|  |TAMS 0x0000000084400000, 0x0000000084300000| Untracked 
|  68|0x0000000084400000, 0x0000000084500000, 0x0000000084500000|100%| O|  |TAMS 0x0000000084500000, 0x0000000084400000| Untracked 
|  69|0x0000000084500000, 0x0000000084600000, 0x0000000084600000|100%| O|  |TAMS 0x0000000084600000, 0x0000000084500000| Untracked 
|  70|0x0000000084600000, 0x0000000084700000, 0x0000000084700000|100%| O|  |TAMS 0x0000000084700000, 0x0000000084600000| Untracked 
|  71|0x0000000084700000, 0x0000000084800000, 0x0000000084800000|100%| O|  |TAMS 0x0000000084800000, 0x0000000084700000| Untracked 
|  72|0x0000000084800000, 0x0000000084900000, 0x0000000084900000|100%| O|  |TAMS 0x0000000084900000, 0x0000000084800000| Untracked 
|  73|0x0000000084900000, 0x0000000084a00000, 0x0000000084a00000|100%| O|  |TAMS 0x0000000084a00000, 0x0000000084900000| Untracked 
|  74|0x0000000084a00000, 0x0000000084b00000, 0x0000000084b00000|100%| O|  |TAMS 0x0000000084b00000, 0x0000000084a00000| Untracked 
|  75|0x0000000084b00000, 0x0000000084c00000, 0x0000000084c00000|100%| O|  |TAMS 0x0000000084c00000, 0x0000000084b00000| Untracked 
|  76|0x0000000084c00000, 0x0000000084d00000, 0x0000000084d00000|100%| O|  |TAMS 0x0000000084d00000, 0x0000000084c00000| Untracked 
|  77|0x0000000084d00000, 0x0000000084d00000, 0x0000000084e00000|  0%| F|  |TAMS 0x0000000084d00000, 0x0000000084d00000| Untracked 
|  78|0x0000000084e00000, 0x0000000084f00000, 0x0000000084f00000|100%| O|  |TAMS 0x0000000084f00000, 0x0000000084e00000| Untracked 
|  79|0x0000000084f00000, 0x0000000085000000, 0x0000000085000000|100%| O|  |TAMS 0x0000000085000000, 0x0000000084f00000| Untracked 
|  80|0x0000000085000000, 0x0000000085100000, 0x0000000085100000|100%| O|  |TAMS 0x0000000085100000, 0x0000000085000000| Untracked 
|  81|0x0000000085100000, 0x0000000085200000, 0x0000000085200000|100%| O|  |TAMS 0x0000000085200000, 0x0000000085100000| Untracked 
|  82|0x0000000085200000, 0x0000000085300000, 0x0000000085300000|100%| O|  |TAMS 0x0000000085300000, 0x0000000085200000| Untracked 
|  83|0x0000000085300000, 0x0000000085400000, 0x0000000085400000|100%| O|  |TAMS 0x0000000085400000, 0x0000000085300000| Untracked 
|  84|0x0000000085400000, 0x0000000085500000, 0x0000000085500000|100%| O|  |TAMS 0x0000000085500000, 0x0000000085400000| Untracked 
|  85|0x0000000085500000, 0x0000000085600000, 0x0000000085600000|100%| O|  |TAMS 0x0000000085600000, 0x0000000085500000| Untracked 
|  86|0x0000000085600000, 0x0000000085700000, 0x0000000085700000|100%| O|  |TAMS 0x0000000085700000, 0x0000000085600000| Untracked 
|  87|0x0000000085700000, 0x0000000085800000, 0x0000000085800000|100%| O|  |TAMS 0x0000000085800000, 0x0000000085700000| Untracked 
|  88|0x0000000085800000, 0x0000000085900000, 0x0000000085900000|100%| O|  |TAMS 0x0000000085900000, 0x0000000085800000| Untracked 
|  89|0x0000000085900000, 0x0000000085a00000, 0x0000000085a00000|100%| O|  |TAMS 0x0000000085a00000, 0x0000000085900000| Untracked 
|  90|0x0000000085a00000, 0x0000000085b00000, 0x0000000085b00000|100%| O|  |TAMS 0x0000000085b00000, 0x0000000085a00000| Untracked 
|  91|0x0000000085b00000, 0x0000000085c00000, 0x0000000085c00000|100%| O|  |TAMS 0x0000000085c00000, 0x0000000085b00000| Untracked 
|  92|0x0000000085c00000, 0x0000000085d00000, 0x0000000085d00000|100%| O|  |TAMS 0x0000000085c50200, 0x0000000085c00000| Untracked 
|  93|0x0000000085d00000, 0x0000000085e00000, 0x0000000085e00000|100%| O|  |TAMS 0x0000000085d00000, 0x0000000085d00000| Untracked 
|  94|0x0000000085e00000, 0x0000000085f00000, 0x0000000085f00000|100%| O|  |TAMS 0x0000000085e00000, 0x0000000085e00000| Untracked 
|  95|0x0000000085f00000, 0x0000000085f61e00, 0x0000000086000000| 38%| O|  |TAMS 0x0000000085f00000, 0x0000000085f00000| Untracked 
|  96|0x0000000086000000, 0x0000000086000000, 0x0000000086100000|  0%| F|  |TAMS 0x0000000086000000, 0x0000000086000000| Untracked 
|  97|0x0000000086100000, 0x0000000086100000, 0x0000000086200000|  0%| F|  |TAMS 0x0000000086100000, 0x0000000086100000| Untracked 
|  98|0x0000000086200000, 0x0000000086200000, 0x0000000086300000|  0%| F|  |TAMS 0x0000000086200000, 0x0000000086200000| Untracked 
|  99|0x0000000086300000, 0x0000000086300000, 0x0000000086400000|  0%| F|  |TAMS 0x0000000086300000, 0x0000000086300000| Untracked 
| 100|0x0000000086400000, 0x0000000086400000, 0x0000000086500000|  0%| F|  |TAMS 0x0000000086400000, 0x0000000086400000| Untracked 
| 101|0x0000000086500000, 0x0000000086500000, 0x0000000086600000|  0%| F|  |TAMS 0x0000000086500000, 0x0000000086500000| Untracked 
| 102|0x0000000086600000, 0x0000000086600000, 0x0000000086700000|  0%| F|  |TAMS 0x0000000086600000, 0x0000000086600000| Untracked 
| 103|0x0000000086700000, 0x0000000086700000, 0x0000000086800000|  0%| F|  |TAMS 0x0000000086700000, 0x0000000086700000| Untracked 
| 104|0x0000000086800000, 0x0000000086800000, 0x0000000086900000|  0%| F|  |TAMS 0x0000000086800000, 0x0000000086800000| Untracked 
| 105|0x0000000086900000, 0x0000000086900000, 0x0000000086a00000|  0%| F|  |TAMS 0x0000000086900000, 0x0000000086900000| Untracked 
| 106|0x0000000086a00000, 0x0000000086a00000, 0x0000000086b00000|  0%| F|  |TAMS 0x0000000086a00000, 0x0000000086a00000| Untracked 
| 107|0x0000000086b00000, 0x0000000086b00000, 0x0000000086c00000|  0%| F|  |TAMS 0x0000000086b00000, 0x0000000086b00000| Untracked 
| 108|0x0000000086c00000, 0x0000000086c00000, 0x0000000086d00000|  0%| F|  |TAMS 0x0000000086c00000, 0x0000000086c00000| Untracked 
| 109|0x0000000086d00000, 0x0000000086d00000, 0x0000000086e00000|  0%| F|  |TAMS 0x0000000086d00000, 0x0000000086d00000| Untracked 
| 110|0x0000000086e00000, 0x0000000086e00000, 0x0000000086f00000|  0%| F|  |TAMS 0x0000000086e00000, 0x0000000086e00000| Untracked 
| 111|0x0000000086f00000, 0x0000000086f00000, 0x0000000087000000|  0%| F|  |TAMS 0x0000000086f00000, 0x0000000086f00000| Untracked 
| 112|0x0000000087000000, 0x0000000087000000, 0x0000000087100000|  0%| F|  |TAMS 0x0000000087000000, 0x0000000087000000| Untracked 
| 113|0x0000000087100000, 0x0000000087100000, 0x0000000087200000|  0%| F|  |TAMS 0x0000000087100000, 0x0000000087100000| Untracked 
| 114|0x0000000087200000, 0x0000000087200000, 0x0000000087300000|  0%| F|  |TAMS 0x0000000087200000, 0x0000000087200000| Untracked 
| 115|0x0000000087300000, 0x0000000087400000, 0x0000000087400000|100%| O|  |TAMS 0x0000000087300000, 0x0000000087300000| Untracked 
| 116|0x0000000087400000, 0x0000000087500000, 0x0000000087500000|100%| O|  |TAMS 0x0000000087400000, 0x0000000087400000| Untracked 
| 117|0x0000000087500000, 0x0000000087600000, 0x0000000087600000|100%| O|  |TAMS 0x0000000087500000, 0x0000000087500000| Untracked 
| 118|0x0000000087600000, 0x0000000087700000, 0x0000000087700000|100%| O|  |TAMS 0x0000000087600000, 0x0000000087600000| Untracked 
| 119|0x0000000087700000, 0x0000000087700000, 0x0000000087800000|  0%| F|  |TAMS 0x0000000087700000, 0x0000000087700000| Untracked 
| 120|0x0000000087800000, 0x0000000087800000, 0x0000000087900000|  0%| F|  |TAMS 0x0000000087800000, 0x0000000087800000| Untracked 
| 121|0x0000000087900000, 0x0000000087900000, 0x0000000087a00000|  0%| F|  |TAMS 0x0000000087900000, 0x0000000087900000| Untracked 
| 122|0x0000000087a00000, 0x0000000087a00000, 0x0000000087b00000|  0%| F|  |TAMS 0x0000000087a00000, 0x0000000087a00000| Untracked 
| 123|0x0000000087b00000, 0x0000000087b00000, 0x0000000087c00000|  0%| F|  |TAMS 0x0000000087b00000, 0x0000000087b00000| Untracked 
| 124|0x0000000087c00000, 0x0000000087c00000, 0x0000000087d00000|  0%| F|  |TAMS 0x0000000087c00000, 0x0000000087c00000| Untracked 
| 125|0x0000000087d00000, 0x0000000087d00000, 0x0000000087e00000|  0%| F|  |TAMS 0x0000000087d00000, 0x0000000087d00000| Untracked 
| 126|0x0000000087e00000, 0x0000000087e00000, 0x0000000087f00000|  0%| F|  |TAMS 0x0000000087e00000, 0x0000000087e00000| Untracked 
| 127|0x0000000087f00000, 0x0000000087f00000, 0x0000000088000000|  0%| F|  |TAMS 0x0000000087f00000, 0x0000000087f00000| Untracked 
| 128|0x0000000088000000, 0x0000000088000000, 0x0000000088100000|  0%| F|  |TAMS 0x0000000088000000, 0x0000000088000000| Untracked 
| 129|0x0000000088100000, 0x0000000088100000, 0x0000000088200000|  0%| F|  |TAMS 0x0000000088100000, 0x0000000088100000| Untracked 
| 130|0x0000000088200000, 0x0000000088200000, 0x0000000088300000|  0%| F|  |TAMS 0x0000000088200000, 0x0000000088200000| Untracked 
| 131|0x0000000088300000, 0x0000000088300000, 0x0000000088400000|  0%| F|  |TAMS 0x0000000088300000, 0x0000000088300000| Untracked 
| 132|0x0000000088400000, 0x0000000088400000, 0x0000000088500000|  0%| F|  |TAMS 0x0000000088400000, 0x0000000088400000| Untracked 
| 133|0x0000000088500000, 0x0000000088500000, 0x0000000088600000|  0%| F|  |TAMS 0x0000000088500000, 0x0000000088500000| Untracked 
| 134|0x0000000088600000, 0x0000000088600000, 0x0000000088700000|  0%| F|  |TAMS 0x0000000088600000, 0x0000000088600000| Untracked 
| 135|0x0000000088700000, 0x0000000088700000, 0x0000000088800000|  0%| F|  |TAMS 0x0000000088700000, 0x0000000088700000| Untracked 
| 136|0x0000000088800000, 0x0000000088800000, 0x0000000088900000|  0%| F|  |TAMS 0x0000000088800000, 0x0000000088800000| Untracked 
| 137|0x0000000088900000, 0x0000000088900000, 0x0000000088a00000|  0%| F|  |TAMS 0x0000000088900000, 0x0000000088900000| Untracked 
| 138|0x0000000088a00000, 0x0000000088a00000, 0x0000000088b00000|  0%| F|  |TAMS 0x0000000088a00000, 0x0000000088a00000| Untracked 
| 139|0x0000000088b00000, 0x0000000088b00000, 0x0000000088c00000|  0%| F|  |TAMS 0x0000000088b00000, 0x0000000088b00000| Untracked 
| 140|0x0000000088c00000, 0x0000000088c00000, 0x0000000088d00000|  0%| F|  |TAMS 0x0000000088c00000, 0x0000000088c00000| Untracked 
| 141|0x0000000088d00000, 0x0000000088d00000, 0x0000000088e00000|  0%| F|  |TAMS 0x0000000088d00000, 0x0000000088d00000| Untracked 
| 142|0x0000000088e00000, 0x0000000088e00000, 0x0000000088f00000|  0%| F|  |TAMS 0x0000000088e00000, 0x0000000088e00000| Untracked 
| 143|0x0000000088f00000, 0x0000000088f00000, 0x0000000089000000|  0%| F|  |TAMS 0x0000000088f00000, 0x0000000088f00000| Untracked 
| 144|0x0000000089000000, 0x0000000089000000, 0x0000000089100000|  0%| F|  |TAMS 0x0000000089000000, 0x0000000089000000| Untracked 
| 145|0x0000000089100000, 0x0000000089100000, 0x0000000089200000|  0%| F|  |TAMS 0x0000000089100000, 0x0000000089100000| Untracked 
| 146|0x0000000089200000, 0x0000000089200000, 0x0000000089300000|  0%| F|  |TAMS 0x0000000089200000, 0x0000000089200000| Untracked 
| 147|0x0000000089300000, 0x0000000089300000, 0x0000000089400000|  0%| F|  |TAMS 0x0000000089300000, 0x0000000089300000| Untracked 
| 148|0x0000000089400000, 0x0000000089400000, 0x0000000089500000|  0%| F|  |TAMS 0x0000000089400000, 0x0000000089400000| Untracked 
| 149|0x0000000089500000, 0x0000000089500000, 0x0000000089600000|  0%| F|  |TAMS 0x0000000089500000, 0x0000000089500000| Untracked 
| 150|0x0000000089600000, 0x0000000089600000, 0x0000000089700000|  0%| F|  |TAMS 0x0000000089600000, 0x0000000089600000| Untracked 
| 151|0x0000000089700000, 0x0000000089700000, 0x0000000089800000|  0%| F|  |TAMS 0x0000000089700000, 0x0000000089700000| Untracked 
| 152|0x0000000089800000, 0x0000000089800000, 0x0000000089900000|  0%| F|  |TAMS 0x0000000089800000, 0x0000000089800000| Untracked 
| 153|0x0000000089900000, 0x0000000089900000, 0x0000000089a00000|  0%| F|  |TAMS 0x0000000089900000, 0x0000000089900000| Untracked 
| 154|0x0000000089a00000, 0x0000000089a00000, 0x0000000089b00000|  0%| F|  |TAMS 0x0000000089a00000, 0x0000000089a00000| Untracked 
| 155|0x0000000089b00000, 0x0000000089b00000, 0x0000000089c00000|  0%| F|  |TAMS 0x0000000089b00000, 0x0000000089b00000| Untracked 
| 156|0x0000000089c00000, 0x0000000089c00000, 0x0000000089d00000|  0%| F|  |TAMS 0x0000000089c00000, 0x0000000089c00000| Untracked 
| 157|0x0000000089d00000, 0x0000000089d00000, 0x0000000089e00000|  0%| F|  |TAMS 0x0000000089d00000, 0x0000000089d00000| Untracked 
| 158|0x0000000089e00000, 0x0000000089e00000, 0x0000000089f00000|  0%| F|  |TAMS 0x0000000089e00000, 0x0000000089e00000| Untracked 
| 159|0x0000000089f00000, 0x0000000089f00000, 0x000000008a000000|  0%| F|  |TAMS 0x0000000089f00000, 0x0000000089f00000| Untracked 
| 160|0x000000008a000000, 0x000000008a0a0638, 0x000000008a100000| 62%| E|  |TAMS 0x000000008a000000, 0x000000008a000000| Complete 
| 161|0x000000008a100000, 0x000000008a200000, 0x000000008a200000|100%| E|CS|TAMS 0x000000008a100000, 0x000000008a100000| Complete 
| 162|0x000000008a200000, 0x000000008a300000, 0x000000008a300000|100%| E|CS|TAMS 0x000000008a200000, 0x000000008a200000| Complete 
| 163|0x000000008a300000, 0x000000008a400000, 0x000000008a400000|100%| E|CS|TAMS 0x000000008a300000, 0x000000008a300000| Complete 
| 164|0x000000008a400000, 0x000000008a500000, 0x000000008a500000|100%| E|CS|TAMS 0x000000008a400000, 0x000000008a400000| Complete 
| 165|0x000000008a500000, 0x000000008a600000, 0x000000008a600000|100%| E|CS|TAMS 0x000000008a500000, 0x000000008a500000| Complete 
| 166|0x000000008a600000, 0x000000008a700000, 0x000000008a700000|100%| E|CS|TAMS 0x000000008a600000, 0x000000008a600000| Complete 
| 167|0x000000008a700000, 0x000000008a800000, 0x000000008a800000|100%| E|CS|TAMS 0x000000008a700000, 0x000000008a700000| Complete 
| 168|0x000000008a800000, 0x000000008a900000, 0x000000008a900000|100%| E|CS|TAMS 0x000000008a800000, 0x000000008a800000| Complete 
| 169|0x000000008a900000, 0x000000008aa00000, 0x000000008aa00000|100%| E|CS|TAMS 0x000000008a900000, 0x000000008a900000| Complete 
| 170|0x000000008aa00000, 0x000000008ab00000, 0x000000008ab00000|100%| E|CS|TAMS 0x000000008aa00000, 0x000000008aa00000| Complete 
| 171|0x000000008ab00000, 0x000000008ac00000, 0x000000008ac00000|100%| E|CS|TAMS 0x000000008ab00000, 0x000000008ab00000| Complete 
| 172|0x000000008ac00000, 0x000000008ad00000, 0x000000008ad00000|100%| E|CS|TAMS 0x000000008ac00000, 0x000000008ac00000| Complete 
| 173|0x000000008ad00000, 0x000000008ae00000, 0x000000008ae00000|100%| E|CS|TAMS 0x000000008ad00000, 0x000000008ad00000| Complete 
| 174|0x000000008ae00000, 0x000000008af00000, 0x000000008af00000|100%| E|CS|TAMS 0x000000008ae00000, 0x000000008ae00000| Complete 
| 175|0x000000008af00000, 0x000000008b000000, 0x000000008b000000|100%| E|CS|TAMS 0x000000008af00000, 0x000000008af00000| Complete 
| 176|0x000000008b000000, 0x000000008b100000, 0x000000008b100000|100%| E|  |TAMS 0x000000008b000000, 0x000000008b000000| Complete 
| 177|0x000000008b100000, 0x000000008b200000, 0x000000008b200000|100%| E|CS|TAMS 0x000000008b100000, 0x000000008b100000| Complete 
| 178|0x000000008b200000, 0x000000008b300000, 0x000000008b300000|100%| E|CS|TAMS 0x000000008b200000, 0x000000008b200000| Complete 
| 179|0x000000008b300000, 0x000000008b400000, 0x000000008b400000|100%| E|CS|TAMS 0x000000008b300000, 0x000000008b300000| Complete 
| 180|0x000000008b400000, 0x000000008b500000, 0x000000008b500000|100%| E|CS|TAMS 0x000000008b400000, 0x000000008b400000| Complete 
| 181|0x000000008b500000, 0x000000008b600000, 0x000000008b600000|100%| E|CS|TAMS 0x000000008b500000, 0x000000008b500000| Complete 
| 182|0x000000008b600000, 0x000000008b700000, 0x000000008b700000|100%| E|CS|TAMS 0x000000008b600000, 0x000000008b600000| Complete 
| 183|0x000000008b700000, 0x000000008b800000, 0x000000008b800000|100%| E|CS|TAMS 0x000000008b700000, 0x000000008b700000| Complete 
| 184|0x000000008b800000, 0x000000008b900000, 0x000000008b900000|100%| E|CS|TAMS 0x000000008b800000, 0x000000008b800000| Complete 
| 185|0x000000008b900000, 0x000000008ba00000, 0x000000008ba00000|100%| E|CS|TAMS 0x000000008b900000, 0x000000008b900000| Complete 
| 186|0x000000008ba00000, 0x000000008bb00000, 0x000000008bb00000|100%| E|CS|TAMS 0x000000008ba00000, 0x000000008ba00000| Complete 
| 187|0x000000008bb00000, 0x000000008bc00000, 0x000000008bc00000|100%| E|CS|TAMS 0x000000008bb00000, 0x000000008bb00000| Complete 
| 188|0x000000008bc00000, 0x000000008bd00000, 0x000000008bd00000|100%| E|CS|TAMS 0x000000008bc00000, 0x000000008bc00000| Complete 
| 189|0x000000008bd00000, 0x000000008be00000, 0x000000008be00000|100%| E|CS|TAMS 0x000000008bd00000, 0x000000008bd00000| Complete 
| 190|0x000000008be00000, 0x000000008bf00000, 0x000000008bf00000|100%| E|CS|TAMS 0x000000008be00000, 0x000000008be00000| Complete 
| 191|0x000000008bf00000, 0x000000008c000000, 0x000000008c000000|100%| E|CS|TAMS 0x000000008bf00000, 0x000000008bf00000| Complete 
| 192|0x000000008c000000, 0x000000008c100000, 0x000000008c100000|100%| E|CS|TAMS 0x000000008c000000, 0x000000008c000000| Complete 
| 193|0x000000008c100000, 0x000000008c200000, 0x000000008c200000|100%| E|CS|TAMS 0x000000008c100000, 0x000000008c100000| Complete 
| 194|0x000000008c200000, 0x000000008c300000, 0x000000008c300000|100%| E|CS|TAMS 0x000000008c200000, 0x000000008c200000| Complete 
| 195|0x000000008c300000, 0x000000008c400000, 0x000000008c400000|100%| E|CS|TAMS 0x000000008c300000, 0x000000008c300000| Complete 
| 196|0x000000008c400000, 0x000000008c500000, 0x000000008c500000|100%| E|CS|TAMS 0x000000008c400000, 0x000000008c400000| Complete 
| 197|0x000000008c500000, 0x000000008c600000, 0x000000008c600000|100%| E|CS|TAMS 0x000000008c500000, 0x000000008c500000| Complete 
| 198|0x000000008c600000, 0x000000008c700000, 0x000000008c700000|100%| E|CS|TAMS 0x000000008c600000, 0x000000008c600000| Complete 
| 199|0x000000008c700000, 0x000000008c800000, 0x000000008c800000|100%| E|CS|TAMS 0x000000008c700000, 0x000000008c700000| Complete 
| 200|0x000000008c800000, 0x000000008c900000, 0x000000008c900000|100%| E|CS|TAMS 0x000000008c800000, 0x000000008c800000| Complete 
| 201|0x000000008c900000, 0x000000008ca00000, 0x000000008ca00000|100%| E|CS|TAMS 0x000000008c900000, 0x000000008c900000| Complete 
| 202|0x000000008ca00000, 0x000000008cb00000, 0x000000008cb00000|100%| E|CS|TAMS 0x000000008ca00000, 0x000000008ca00000| Complete 
| 203|0x000000008cb00000, 0x000000008cc00000, 0x000000008cc00000|100%| E|CS|TAMS 0x000000008cb00000, 0x000000008cb00000| Complete 
| 204|0x000000008cc00000, 0x000000008cd00000, 0x000000008cd00000|100%| E|CS|TAMS 0x000000008cc00000, 0x000000008cc00000| Complete 
| 205|0x000000008cd00000, 0x000000008ce00000, 0x000000008ce00000|100%| E|CS|TAMS 0x000000008cd00000, 0x000000008cd00000| Complete 
| 206|0x000000008ce00000, 0x000000008cf00000, 0x000000008cf00000|100%| E|CS|TAMS 0x000000008ce00000, 0x000000008ce00000| Complete 
| 207|0x000000008cf00000, 0x000000008d000000, 0x000000008d000000|100%| E|CS|TAMS 0x000000008cf00000, 0x000000008cf00000| Complete 
| 208|0x000000008d000000, 0x000000008d100000, 0x000000008d100000|100%| E|CS|TAMS 0x000000008d000000, 0x000000008d000000| Complete 
| 209|0x000000008d100000, 0x000000008d200000, 0x000000008d200000|100%| E|CS|TAMS 0x000000008d100000, 0x000000008d100000| Complete 
| 210|0x000000008d200000, 0x000000008d300000, 0x000000008d300000|100%| E|CS|TAMS 0x000000008d200000, 0x000000008d200000| Complete 
| 211|0x000000008d300000, 0x000000008d400000, 0x000000008d400000|100%| E|CS|TAMS 0x000000008d300000, 0x000000008d300000| Complete 
| 212|0x000000008d400000, 0x000000008d500000, 0x000000008d500000|100%| E|CS|TAMS 0x000000008d400000, 0x000000008d400000| Complete 
| 213|0x000000008d500000, 0x000000008d600000, 0x000000008d600000|100%| E|CS|TAMS 0x000000008d500000, 0x000000008d500000| Complete 
| 214|0x000000008d600000, 0x000000008d700000, 0x000000008d700000|100%| E|CS|TAMS 0x000000008d600000, 0x000000008d600000| Complete 
| 215|0x000000008d700000, 0x000000008d800000, 0x000000008d800000|100%| E|CS|TAMS 0x000000008d700000, 0x000000008d700000| Complete 
| 216|0x000000008d800000, 0x000000008d900000, 0x000000008d900000|100%| E|CS|TAMS 0x000000008d800000, 0x000000008d800000| Complete 
| 217|0x000000008d900000, 0x000000008da00000, 0x000000008da00000|100%| E|CS|TAMS 0x000000008d900000, 0x000000008d900000| Complete 
| 218|0x000000008da00000, 0x000000008db00000, 0x000000008db00000|100%| E|CS|TAMS 0x000000008da00000, 0x000000008da00000| Complete 
| 219|0x000000008db00000, 0x000000008dc00000, 0x000000008dc00000|100%| E|CS|TAMS 0x000000008db00000, 0x000000008db00000| Complete 
| 220|0x000000008dc00000, 0x000000008dd00000, 0x000000008dd00000|100%| E|CS|TAMS 0x000000008dc00000, 0x000000008dc00000| Complete 
| 221|0x000000008dd00000, 0x000000008de00000, 0x000000008de00000|100%| E|CS|TAMS 0x000000008dd00000, 0x000000008dd00000| Complete 
| 222|0x000000008de00000, 0x000000008de18618, 0x000000008df00000|  9%| S|CS|TAMS 0x000000008de00000, 0x000000008de00000| Complete 
| 223|0x000000008df00000, 0x000000008e000000, 0x000000008e000000|100%| S|CS|TAMS 0x000000008df00000, 0x000000008df00000| Complete 
| 224|0x000000008e000000, 0x000000008e100000, 0x000000008e100000|100%| E|CS|TAMS 0x000000008e000000, 0x000000008e000000| Complete 
| 225|0x000000008e100000, 0x000000008e200000, 0x000000008e200000|100%| E|CS|TAMS 0x000000008e100000, 0x000000008e100000| Complete 
| 226|0x000000008e200000, 0x000000008e300000, 0x000000008e300000|100%| E|CS|TAMS 0x000000008e200000, 0x000000008e200000| Complete 
| 227|0x000000008e300000, 0x000000008e400000, 0x000000008e400000|100%| E|CS|TAMS 0x000000008e300000, 0x000000008e300000| Complete 
| 228|0x000000008e400000, 0x000000008e500000, 0x000000008e500000|100%| E|CS|TAMS 0x000000008e400000, 0x000000008e400000| Complete 
| 229|0x000000008e500000, 0x000000008e600000, 0x000000008e600000|100%| E|CS|TAMS 0x000000008e500000, 0x000000008e500000| Complete 
| 230|0x000000008e600000, 0x000000008e700000, 0x000000008e700000|100%| E|CS|TAMS 0x000000008e600000, 0x000000008e600000| Complete 
| 231|0x000000008e700000, 0x000000008e800000, 0x000000008e800000|100%| E|CS|TAMS 0x000000008e700000, 0x000000008e700000| Complete 

Card table byte_map: [0x000002a164d10000,0x000002a165110000] _byte_map_base: 0x000002a164910000

Marking Bits (Prev, Next): (CMBitMap*) 0x000002a152172f20, (CMBitMap*) 0x000002a152172ee0
 Prev Bits: [0x000002a167510000, 0x000002a169510000)
 Next Bits: [0x000002a165510000, 0x000002a167510000)

Polling page: 0x000002a14f420000

Metaspace:

Usage:
  Non-class:     96.25 MB used.
      Class:     14.56 MB used.
       Both:    110.81 MB used.

Virtual space:
  Non-class space:      104.00 MB reserved,      96.62 MB ( 93%) committed,  13 nodes.
      Class space:        1.00 GB reserved,      14.94 MB (  1%) committed,  1 nodes.
             Both:        1.10 GB reserved,     111.56 MB ( 10%) committed. 

Chunk freelists:
   Non-Class:  3.12 MB
       Class:  933.00 KB
        Both:  4.04 MB

MaxMetaspaceSize: unlimited
CompressedClassSpaceSize: 1.00 GB
Initial GC threshold: 21.00 MB
Current GC threshold: 177.12 MB
CDS: off
MetaspaceReclaimPolicy: balanced
 - commit_granule_bytes: 65536.
 - commit_granule_words: 8192.
 - virtual_space_node_default_size: 1048576.
 - enlarge_chunks_in_place: 1.
 - new_chunks_are_fully_committed: 0.
 - uncommit_free_chunks: 1.
 - use_allocation_guard: 0.
 - handle_deallocations: 1.


Internal statistics:

num_allocs_failed_limit: 9.
num_arena_births: 1252.
num_arena_deaths: 12.
num_vsnodes_births: 14.
num_vsnodes_deaths: 0.
num_space_committed: 1785.
num_space_uncommitted: 0.
num_chunks_returned_to_freelist: 24.
num_chunks_taken_from_freelist: 5417.
num_chunk_merges: 8.
num_chunk_splits: 3519.
num_chunks_enlarged: 2287.
num_purges: 2.
num_inconsistent_stats: 0.

CodeHeap 'non-profiled nmethods': size=120000Kb used=6994Kb max_used=6994Kb free=113005Kb
 bounds [0x000002a15d0b0000, 0x000002a15d790000, 0x000002a1645e0000]
CodeHeap 'profiled nmethods': size=120000Kb used=25704Kb max_used=25704Kb free=94295Kb
 bounds [0x000002a155b80000, 0x000002a1574a0000, 0x000002a15d0b0000]
CodeHeap 'non-nmethods': size=5760Kb used=2443Kb max_used=2549Kb free=3316Kb
 bounds [0x000002a1555e0000, 0x000002a155860000, 0x000002a155b80000]
 total_blobs=15189 nmethods=14198 adapters=903
 compilation: enabled
              stopped_count=0, restarted_count=0
 full_count=0

Compilation events (20 events):
Event: 599.751 Thread 0x000002a16c91da90 16261  s    3       java.util.Properties::setProperty (7 bytes)
Event: 599.752 Thread 0x000002a16c91da90 nmethod 16261 0x000002a157491510 code [0x000002a1574916c0, 0x000002a157491920]
Event: 599.752 Thread 0x000002a16c91da90 16262       3       java.lang.System::setProperty (39 bytes)
Event: 599.754 Thread 0x000002a16c91da90 nmethod 16262 0x000002a157491a10 code [0x000002a157491ca0, 0x000002a1574929a0]
Event: 599.764 Thread 0x000002a16c91da90 16263       3       org.gradle.internal.event.DefaultListenerManager$ListenerDetails::useAsListener (46 bytes)
Event: 599.765 Thread 0x000002a16c91da90 nmethod 16263 0x000002a157492e10 code [0x000002a157493020, 0x000002a157493620]
Event: 599.772 Thread 0x000002a16c91da90 16264       3       com.google.common.cache.CacheBuilder::getKeyStrength (14 bytes)
Event: 599.772 Thread 0x000002a16c91da90 nmethod 16264 0x000002a157493810 code [0x000002a1574939c0, 0x000002a157493c50]
Event: 599.772 Thread 0x000002a16c91da90 16265       3       com.google.common.cache.CacheBuilder::getValueStrength (14 bytes)
Event: 599.773 Thread 0x000002a16c91da90 nmethod 16265 0x000002a157493d10 code [0x000002a157493ec0, 0x000002a157494150]
Event: 599.795 Thread 0x000002a16c91da90 16272       3       java.lang.ProcessEnvironment$CheckedEntry::getKey (5 bytes)
Event: 599.796 Thread 0x000002a16c91da90 nmethod 16272 0x000002a157494210 code [0x000002a1574943c0, 0x000002a1574946e0]
Event: 599.796 Thread 0x000002a16c91da90 16273       3       java.lang.ProcessEnvironment$CheckedEntry::getKey (13 bytes)
Event: 599.796 Thread 0x000002a16c91da90 nmethod 16273 0x000002a157494810 code [0x000002a1574949c0, 0x000002a157494c60]
Event: 599.798 Thread 0x000002a16c91da90 16274       3       org.gradle.internal.service.DefaultServiceRegistry$FactoryService::getAll (26 bytes)
Event: 599.799 Thread 0x000002a16c91da90 nmethod 16274 0x000002a157494d10 code [0x000002a157494f00, 0x000002a1574952d0]
Event: 599.813 Thread 0x000002a16c91da90 16275       3       org.gradle.internal.event.DefaultListenerManager::access$200 (6 bytes)
Event: 599.813 Thread 0x000002a16c91da90 nmethod 16275 0x000002a157495490 code [0x000002a157495620, 0x000002a157495740]
Event: 599.813 Thread 0x000002a16c91da90 16276       3       com.google.common.base.Equivalence::equals (4 bytes)
Event: 599.813 Thread 0x000002a16c91da90 nmethod 16276 0x000002a157495810 code [0x000002a1574959a0, 0x000002a157495a90]

GC Heap History (20 events):
Event: 72.730 GC heap before
{Heap before GC invocations=40 (full 0):
 garbage-first heap   total 171008K, used 127308K [0x0000000080000000, 0x0000000100000000)
  region size 1024K, 71 young (72704K), 9 survivors (9216K)
 Metaspace       used 87698K, committed 88256K, reserved 1130496K
  class space    used 11855K, committed 12096K, reserved 1048576K
}
Event: 72.770 GC heap after
{Heap after GC invocations=41 (full 0):
 garbage-first heap   total 171008K, used 70597K [0x0000000080000000, 0x0000000100000000)
  region size 1024K, 9 young (9216K), 9 survivors (9216K)
 Metaspace       used 87698K, committed 88256K, reserved 1130496K
  class space    used 11855K, committed 12096K, reserved 1048576K
}
Event: 74.281 GC heap before
{Heap before GC invocations=41 (full 0):
 garbage-first heap   total 171008K, used 129989K [0x0000000080000000, 0x0000000100000000)
  region size 1024K, 68 young (69632K), 9 survivors (9216K)
 Metaspace       used 91505K, committed 92096K, reserved 1130496K
  class space    used 12392K, committed 12608K, reserved 1048576K
}
Event: 74.307 GC heap after
{Heap after GC invocations=42 (full 0):
 garbage-first heap   total 171008K, used 80279K [0x0000000080000000, 0x0000000100000000)
  region size 1024K, 9 young (9216K), 9 survivors (9216K)
 Metaspace       used 91505K, committed 92096K, reserved 1130496K
  class space    used 12392K, committed 12608K, reserved 1048576K
}
Event: 74.846 GC heap before
{Heap before GC invocations=42 (full 0):
 garbage-first heap   total 171008K, used 132503K [0x0000000080000000, 0x0000000100000000)
  region size 1024K, 61 young (62464K), 9 survivors (9216K)
 Metaspace       used 91976K, committed 92608K, reserved 1130496K
  class space    used 12445K, committed 12736K, reserved 1048576K
}
Event: 74.858 GC heap after
{Heap after GC invocations=43 (full 0):
 garbage-first heap   total 237568K, used 85209K [0x0000000080000000, 0x0000000100000000)
  region size 1024K, 5 young (5120K), 5 survivors (5120K)
 Metaspace       used 91976K, committed 92608K, reserved 1130496K
  class space    used 12445K, committed 12736K, reserved 1048576K
}
Event: 78.441 GC heap before
{Heap before GC invocations=44 (full 0):
 garbage-first heap   total 237568K, used 197849K [0x0000000080000000, 0x0000000100000000)
  region size 1024K, 97 young (99328K), 5 survivors (5120K)
 Metaspace       used 99794K, committed 100480K, reserved 1138688K
  class space    used 13446K, committed 13760K, reserved 1048576K
}
Event: 78.453 GC heap after
{Heap after GC invocations=45 (full 0):
 garbage-first heap   total 237568K, used 87193K [0x0000000080000000, 0x0000000100000000)
  region size 1024K, 7 young (7168K), 7 survivors (7168K)
 Metaspace       used 99794K, committed 100480K, reserved 1138688K
  class space    used 13446K, committed 13760K, reserved 1048576K
}
Event: 78.513 GC heap before
{Heap before GC invocations=45 (full 0):
 garbage-first heap   total 237568K, used 91289K [0x0000000080000000, 0x0000000100000000)
  region size 1024K, 11 young (11264K), 7 survivors (7168K)
 Metaspace       used 99851K, committed 100544K, reserved 1138688K
  class space    used 13449K, committed 13760K, reserved 1048576K
}
Event: 78.522 GC heap after
{Heap after GC invocations=46 (full 0):
 garbage-first heap   total 237568K, used 87654K [0x0000000080000000, 0x0000000100000000)
  region size 1024K, 2 young (2048K), 2 survivors (2048K)
 Metaspace       used 99851K, committed 100544K, reserved 1138688K
  class space    used 13449K, committed 13760K, reserved 1048576K
}
Event: 80.500 GC heap before
{Heap before GC invocations=46 (full 0):
 garbage-first heap   total 237568K, used 186982K [0x0000000080000000, 0x0000000100000000)
  region size 1024K, 100 young (102400K), 2 survivors (2048K)
 Metaspace       used 102452K, committed 103168K, reserved 1138688K
  class space    used 13768K, committed 14080K, reserved 1048576K
}
Event: 80.514 GC heap after
{Heap after GC invocations=47 (full 0):
 garbage-first heap   total 237568K, used 94499K [0x0000000080000000, 0x0000000100000000)
  region size 1024K, 8 young (8192K), 8 survivors (8192K)
 Metaspace       used 102452K, committed 103168K, reserved 1138688K
  class space    used 13768K, committed 14080K, reserved 1048576K
}
Event: 85.360 GC heap before
{Heap before GC invocations=47 (full 0):
 garbage-first heap   total 237568K, used 187683K [0x0000000080000000, 0x0000000100000000)
  region size 1024K, 100 young (102400K), 8 survivors (8192K)
 Metaspace       used 106347K, committed 107072K, reserved 1146880K
  class space    used 14266K, committed 14592K, reserved 1048576K
}
Event: 85.381 GC heap after
{Heap after GC invocations=48 (full 0):
 garbage-first heap   total 237568K, used 99762K [0x0000000080000000, 0x0000000100000000)
  region size 1024K, 6 young (6144K), 6 survivors (6144K)
 Metaspace       used 106347K, committed 107072K, reserved 1146880K
  class space    used 14266K, committed 14592K, reserved 1048576K
}
Event: 86.196 GC heap before
{Heap before GC invocations=48 (full 0):
 garbage-first heap   total 237568K, used 128434K [0x0000000080000000, 0x0000000100000000)
  region size 1024K, 36 young (36864K), 6 survivors (6144K)
 Metaspace       used 107809K, committed 108544K, reserved 1146880K
  class space    used 14472K, committed 14848K, reserved 1048576K
}
Event: 86.209 GC heap after
{Heap after GC invocations=49 (full 0):
 garbage-first heap   total 237568K, used 101759K [0x0000000080000000, 0x0000000100000000)
  region size 1024K, 8 young (8192K), 8 survivors (8192K)
 Metaspace       used 107809K, committed 108544K, reserved 1146880K
  class space    used 14472K, committed 14848K, reserved 1048576K
}
Event: 191.853 GC heap before
{Heap before GC invocations=50 (full 0):
 garbage-first heap   total 237568K, used 213375K [0x0000000080000000, 0x0000000100000000)
  region size 1024K, 96 young (98304K), 8 survivors (8192K)
 Metaspace       used 112752K, committed 113472K, reserved 1155072K
  class space    used 14871K, committed 15232K, reserved 1048576K
}
Event: 191.872 GC heap after
{Heap after GC invocations=51 (full 0):
 garbage-first heap   total 237568K, used 102203K [0x0000000080000000, 0x0000000100000000)
  region size 1024K, 3 young (3072K), 3 survivors (3072K)
 Metaspace       used 112752K, committed 113472K, reserved 1155072K
  class space    used 14871K, committed 15232K, reserved 1048576K
}
Event: 488.872 GC heap before
{Heap before GC invocations=51 (full 0):
 garbage-first heap   total 237568K, used 109371K [0x0000000080000000, 0x0000000100000000)
  region size 1024K, 11 young (11264K), 3 survivors (3072K)
 Metaspace       used 112844K, committed 113600K, reserved 1155072K
  class space    used 14871K, committed 15232K, reserved 1048576K
}
Event: 488.878 GC heap after
{Heap after GC invocations=52 (full 0):
 garbage-first heap   total 237568K, used 101668K [0x0000000080000000, 0x0000000100000000)
  region size 1024K, 2 young (2048K), 2 survivors (2048K)
 Metaspace       used 112844K, committed 113600K, reserved 1155072K
  class space    used 14871K, committed 15232K, reserved 1048576K
}

Deoptimization events (20 events):
Event: 489.147 Thread 0x000002a172f7adc0 DEOPT PACKING pc=0x000002a15d666a38 sp=0x000000a7f33f8570
Event: 489.147 Thread 0x000002a172f7adc0 DEOPT UNPACKING pc=0x000002a15563239b sp=0x000000a7f33f8508 mode 2
Event: 489.524 Thread 0x000002a172f7adc0 DEOPT PACKING pc=0x000002a1570ef627 sp=0x000000a7f33f8af0
Event: 489.524 Thread 0x000002a172f7adc0 DEOPT UNPACKING pc=0x000002a155632b3b sp=0x000000a7f33f7fb0 mode 0
Event: 489.796 Thread 0x000002a1764e22a0 Uncommon trap: trap_request=0xffffffd6 fr.pc=0x000002a15d69c680 relative=0x0000000000002400
Event: 489.796 Thread 0x000002a1764e22a0 Uncommon trap: reason=array_check action=maybe_recompile pc=0x000002a15d69c680 method=java.util.TimSort.binarySort([Ljava/lang/Object;IIILjava/util/Comparator;)V @ 215 c2
Event: 489.796 Thread 0x000002a1764e22a0 DEOPT PACKING pc=0x000002a15d69c680 sp=0x000000a7f94fdc10
Event: 489.796 Thread 0x000002a1764e22a0 DEOPT UNPACKING pc=0x000002a15563239b sp=0x000000a7f94fdb40 mode 2
Event: 489.796 Thread 0x000002a1764e22a0 Uncommon trap: trap_request=0xffffffd6 fr.pc=0x000002a15d69c680 relative=0x0000000000002400
Event: 489.796 Thread 0x000002a1764e22a0 Uncommon trap: reason=array_check action=maybe_recompile pc=0x000002a15d69c680 method=java.util.TimSort.binarySort([Ljava/lang/Object;IIILjava/util/Comparator;)V @ 215 c2
Event: 489.796 Thread 0x000002a1764e22a0 DEOPT PACKING pc=0x000002a15d69c680 sp=0x000000a7f94fd990
Event: 489.796 Thread 0x000002a1764e22a0 DEOPT UNPACKING pc=0x000002a15563239b sp=0x000000a7f94fd8c0 mode 2
Event: 489.796 Thread 0x000002a1764e22a0 Uncommon trap: trap_request=0xffffffd6 fr.pc=0x000002a15d69f644 relative=0x0000000000000704
Event: 489.796 Thread 0x000002a1764e22a0 Uncommon trap: reason=array_check action=maybe_recompile pc=0x000002a15d69f644 method=java.util.TimSort.binarySort([Ljava/lang/Object;IIILjava/util/Comparator;)V @ 215 c2
Event: 489.796 Thread 0x000002a1764e22a0 DEOPT PACKING pc=0x000002a15d69f644 sp=0x000000a7f94fd8f0
Event: 489.796 Thread 0x000002a1764e22a0 DEOPT UNPACKING pc=0x000002a15563239b sp=0x000000a7f94fd8b0 mode 2
Event: 490.129 Thread 0x000002a172f7adc0 Uncommon trap: trap_request=0xffffff45 fr.pc=0x000002a15d136e58 relative=0x00000000000023f8
Event: 490.129 Thread 0x000002a172f7adc0 Uncommon trap: reason=unstable_if action=reinterpret pc=0x000002a15d136e58 method=java.util.zip.ZipFile$Source.getEntryPos(Ljava/lang/String;Z)I @ 104 c2
Event: 490.129 Thread 0x000002a172f7adc0 DEOPT PACKING pc=0x000002a15d136e58 sp=0x000000a7f33fb220
Event: 490.129 Thread 0x000002a172f7adc0 DEOPT UNPACKING pc=0x000002a15563239b sp=0x000000a7f33fb190 mode 2

Classes unloaded (6 events):
Event: 86.419 Thread 0x000002a16bf3eef0 Unloading class 0x0000000100c4d800 'java/lang/invoke/LambdaForm$DMH+0x0000000100c4d800'
Event: 86.419 Thread 0x000002a16bf3eef0 Unloading class 0x0000000100c4d400 'java/lang/invoke/LambdaForm$DMH+0x0000000100c4d400'
Event: 86.419 Thread 0x000002a16bf3eef0 Unloading class 0x0000000100c4d000 'java/lang/invoke/LambdaForm$DMH+0x0000000100c4d000'
Event: 86.419 Thread 0x000002a16bf3eef0 Unloading class 0x0000000100c4cc00 'java/lang/invoke/LambdaForm$DMH+0x0000000100c4cc00'
Event: 86.419 Thread 0x000002a16bf3eef0 Unloading class 0x0000000100c4c800 'java/lang/invoke/LambdaForm$DMH+0x0000000100c4c800'
Event: 86.419 Thread 0x000002a16bf3eef0 Unloading class 0x0000000100c4c400 'java/lang/invoke/LambdaForm$DMH+0x0000000100c4c400'

Classes redefined (0 events):
No events

Internal exceptions (20 events):
Event: 98.968 Thread 0x000002a16dec1e50 Exception <a 'sun/nio/fs/WindowsException'{0x000000008af0cf80}> (0x000000008af0cf80) 
thrown [s\src\hotspot\share\prims\jni.cpp, line 517]
Event: 98.968 Thread 0x000002a16dec1e50 Exception <a 'sun/nio/fs/WindowsException'{0x000000008af0e2a0}> (0x000000008af0e2a0) 
thrown [s\src\hotspot\share\prims\jni.cpp, line 517]
Event: 98.968 Thread 0x000002a16dec1e50 Exception <a 'sun/nio/fs/WindowsException'{0x000000008af0f5c0}> (0x000000008af0f5c0) 
thrown [s\src\hotspot\share\prims\jni.cpp, line 517]
Event: 99.104 Thread 0x000002a16dec1e50 Exception <a 'sun/nio/fs/WindowsException'{0x000000008ab25988}> (0x000000008ab25988) 
thrown [s\src\hotspot\share\prims\jni.cpp, line 517]
Event: 99.636 Thread 0x000002a16dec1e50 Exception <a 'sun/nio/fs/WindowsException'{0x000000008ab73860}> (0x000000008ab73860) 
thrown [s\src\hotspot\share\prims\jni.cpp, line 517]
Event: 99.636 Thread 0x000002a16dec1e50 Exception <a 'sun/nio/fs/WindowsException'{0x000000008ab73b90}> (0x000000008ab73b90) 
thrown [s\src\hotspot\share\prims\jni.cpp, line 517]
Event: 99.637 Thread 0x000002a16dec1e50 Exception <a 'sun/nio/fs/WindowsException'{0x000000008ab75400}> (0x000000008ab75400) 
thrown [s\src\hotspot\share\prims\jni.cpp, line 517]
Event: 99.646 Thread 0x000002a172883ab0 Exception <a 'sun/nio/fs/WindowsException'{0x0000000088c71770}> (0x0000000088c71770) 
thrown [s\src\hotspot\share\prims\jni.cpp, line 517]
Event: 489.377 Thread 0x000002a172f7adc0 Exception <a 'sun/nio/fs/WindowsException'{0x000000008d062498}> (0x000000008d062498) 
thrown [s\src\hotspot\share\prims\jni.cpp, line 517]
Event: 489.473 Thread 0x000002a172f7adc0 Exception <a 'java/lang/NoClassDefFoundError'{0x000000008cdb6d00}: org/jetbrains/kotlin/gradle/plugin/KotlinBasePluginWrapper> (0x000000008cdb6d00) 
thrown [s\src\hotspot\share\oops\constantPool.cpp, line 835]
Event: 489.512 Thread 0x000002a172f7adc0 Exception <a 'sun/nio/fs/WindowsException'{0x000000008cb17c20}> (0x000000008cb17c20) 
thrown [s\src\hotspot\share\prims\jni.cpp, line 517]
Event: 489.520 Thread 0x000002a172f7adc0 Exception <a 'sun/nio/fs/WindowsException'{0x000000008cbb4d50}> (0x000000008cbb4d50) 
thrown [s\src\hotspot\share\prims\jni.cpp, line 517]
Event: 489.520 Thread 0x000002a172f7adc0 Exception <a 'sun/nio/fs/WindowsException'{0x000000008cbb6020}> (0x000000008cbb6020) 
thrown [s\src\hotspot\share\prims\jni.cpp, line 517]
Event: 489.520 Thread 0x000002a172f7adc0 Exception <a 'sun/nio/fs/WindowsException'{0x000000008cbb7340}> (0x000000008cbb7340) 
thrown [s\src\hotspot\share\prims\jni.cpp, line 517]
Event: 489.521 Thread 0x000002a172f7adc0 Exception <a 'sun/nio/fs/WindowsException'{0x000000008cbb8660}> (0x000000008cbb8660) 
thrown [s\src\hotspot\share\prims\jni.cpp, line 517]
Event: 489.605 Thread 0x000002a172f7adc0 Exception <a 'sun/nio/fs/WindowsException'{0x000000008c7cd730}> (0x000000008c7cd730) 
thrown [s\src\hotspot\share\prims\jni.cpp, line 517]
Event: 490.125 Thread 0x000002a16fc0c920 Exception <a 'sun/nio/fs/WindowsException'{0x000000008a753de8}> (0x000000008a753de8) 
thrown [s\src\hotspot\share\prims\jni.cpp, line 517]
Event: 490.125 Thread 0x000002a172f7adc0 Exception <a 'sun/nio/fs/WindowsException'{0x000000008a72de08}> (0x000000008a72de08) 
thrown [s\src\hotspot\share\prims\jni.cpp, line 517]
Event: 490.125 Thread 0x000002a172f7adc0 Exception <a 'sun/nio/fs/WindowsException'{0x000000008a72e138}> (0x000000008a72e138) 
thrown [s\src\hotspot\share\prims\jni.cpp, line 517]
Event: 490.125 Thread 0x000002a172f7adc0 Exception <a 'sun/nio/fs/WindowsException'{0x000000008a72f9a8}> (0x000000008a72f9a8) 
thrown [s\src\hotspot\share\prims\jni.cpp, line 517]

VM Operations (20 events):
Event: 454.854 Executing VM operation: Cleanup
Event: 454.854 Executing VM operation: Cleanup done
Event: 482.052 Executing VM operation: Cleanup
Event: 482.052 Executing VM operation: Cleanup done
Event: 488.872 Executing VM operation: G1CollectForAllocation
Event: 488.878 Executing VM operation: G1CollectForAllocation done
Event: 489.345 Executing VM operation: ICBufferFull
Event: 489.346 Executing VM operation: ICBufferFull done
Event: 489.746 Executing VM operation: ICBufferFull
Event: 489.747 Executing VM operation: ICBufferFull done
Event: 490.057 Executing VM operation: ICBufferFull
Event: 490.057 Executing VM operation: ICBufferFull done
Event: 492.068 Executing VM operation: Cleanup
Event: 492.069 Executing VM operation: Cleanup done
Event: 542.520 Executing VM operation: Cleanup
Event: 542.520 Executing VM operation: Cleanup done
Event: 552.583 Executing VM operation: Cleanup
Event: 552.583 Executing VM operation: Cleanup done
Event: 591.922 Executing VM operation: Cleanup
Event: 591.922 Executing VM operation: Cleanup done

Events (20 events):
Event: 490.177 Thread 0x000002a17a994980 Thread exited: 0x000002a17a994980
Event: 490.192 Thread 0x000002a177ff6120 Thread exited: 0x000002a177ff6120
Event: 490.201 Thread 0x000002a172f7a8f0 Thread exited: 0x000002a172f7a8f0
Event: 490.203 Thread 0x000002a172f7a420 Thread exited: 0x000002a172f7a420
Event: 491.665 Thread 0x000002a176284cb0 Thread exited: 0x000002a176284cb0
Event: 491.691 Thread 0x000002a1762851c0 Thread exited: 0x000002a1762851c0
Event: 506.285 Thread 0x000002a16f1f9f80 Thread exited: 0x000002a16f1f9f80
Event: 550.123 Thread 0x000002a17810e7f0 Thread exited: 0x000002a17810e7f0
Event: 550.201 Thread 0x000002a172f7adc0 Thread exited: 0x000002a172f7adc0
Event: 550.216 Thread 0x000002a16ff9ab00 Thread exited: 0x000002a16ff9ab00
Event: 599.667 Thread 0x000002a171a59d30 Thread added: 0x000002a171a59d30
Event: 599.669 Thread 0x000002a177ff52b0 Thread added: 0x000002a177ff52b0
Event: 599.728 Thread 0x000002a177ff4de0 Thread added: 0x000002a177ff4de0
Event: 599.738 Thread 0x000002a177ff4440 Thread added: 0x000002a177ff4440
Event: 599.760 Thread 0x000002a16fc0c450 Thread added: 0x000002a16fc0c450
Event: 599.761 Thread 0x000002a16fc0c920 Thread added: 0x000002a16fc0c920
Event: 599.762 Thread 0x000002a178291670 Thread added: 0x000002a178291670
Event: 599.804 Thread 0x000002a171a58050 Thread added: 0x000002a171a58050
Event: 599.809 Thread 0x000002a171a5a200 Thread added: 0x000002a171a5a200
Event: 599.815 Thread 0x000002a171a59390 Thread added: 0x000002a171a59390


Dynamic libraries:
0x00007ff793660000 - 0x00007ff79366a000 	E:\Proga\apps\AndroidStudio\ch-0\222.4459.24.2221.9445173\jbr\bin\java.exe
0x00007ffbb7dd0000 - 0x00007ffbb7fc8000 	C:\WINDOWS\SYSTEM32\ntdll.dll
0x00007ffbad090000 - 0x00007ffbad0a7000 	C:\Program Files\Avast Software\Avast\aswhook.dll
0x00007ffbb5e10000 - 0x00007ffbb5ecf000 	C:\WINDOWS\System32\KERNEL32.DLL
0x00007ffbb56d0000 - 0x00007ffbb59a2000 	C:\WINDOWS\System32\KERNELBASE.dll
0x00007ffbb5ad0000 - 0x00007ffbb5bd0000 	C:\WINDOWS\System32\ucrtbase.dll
0x00007ffbac2d0000 - 0x00007ffbac2eb000 	E:\Proga\apps\AndroidStudio\ch-0\222.4459.24.2221.9445173\jbr\bin\VCRUNTIME140.dll
0x00007ffbac2b0000 - 0x00007ffbac2c7000 	E:\Proga\apps\AndroidStudio\ch-0\222.4459.24.2221.9445173\jbr\bin\jli.dll
0x00007ffbb7810000 - 0x00007ffbb79b1000 	C:\WINDOWS\System32\USER32.dll
0x00007ffba42d0000 - 0x00007ffba456a000 	C:\WINDOWS\WinSxS\amd64_microsoft.windows.common-controls_6595b64144ccf1df_6.0.19041.1110_none_60b5254171f9507e\COMCTL32.dll
0x00007ffbb5590000 - 0x00007ffbb55b2000 	C:\WINDOWS\System32\win32u.dll
0x00007ffbb6150000 - 0x00007ffbb61ee000 	C:\WINDOWS\System32\msvcrt.dll
0x00007ffbb63e0000 - 0x00007ffbb640b000 	C:\WINDOWS\System32\GDI32.dll
0x00007ffbb55c0000 - 0x00007ffbb56cf000 	C:\WINDOWS\System32\gdi32full.dll
0x00007ffbb54c0000 - 0x00007ffbb555d000 	C:\WINDOWS\System32\msvcp_win.dll
0x00007ffbb61f0000 - 0x00007ffbb6222000 	C:\WINDOWS\System32\IMM32.DLL
0x00007ffba7850000 - 0x00007ffba785c000 	E:\Proga\apps\AndroidStudio\ch-0\222.4459.24.2221.9445173\jbr\bin\vcruntime140_1.dll
0x00007ffba0ea0000 - 0x00007ffba0f2d000 	E:\Proga\apps\AndroidStudio\ch-0\222.4459.24.2221.9445173\jbr\bin\msvcp140.dll
0x000002a150c70000 - 0x000002a1518d9000 	E:\Proga\apps\AndroidStudio\ch-0\222.4459.24.2221.9445173\jbr\bin\server\jvm.dll
0x00007ffbb7bc0000 - 0x00007ffbb7c6e000 	C:\WINDOWS\System32\ADVAPI32.dll
0x00007ffbb68e0000 - 0x00007ffbb697c000 	C:\WINDOWS\System32\sechost.dll
0x00007ffbb7680000 - 0x00007ffbb77a5000 	C:\WINDOWS\System32\RPCRT4.dll
0x00007ffbb6ec0000 - 0x00007ffbb6ec8000 	C:\WINDOWS\System32\PSAPI.DLL
0x00007ffbaad60000 - 0x00007ffbaad87000 	C:\WINDOWS\SYSTEM32\WINMM.dll
0x00007ffbaad50000 - 0x00007ffbaad5a000 	C:\WINDOWS\SYSTEM32\VERSION.dll
0x00007ffba2560000 - 0x00007ffba2569000 	C:\WINDOWS\SYSTEM32\WSOCK32.dll
0x00007ffbb7b50000 - 0x00007ffbb7bbb000 	C:\WINDOWS\System32\WS2_32.dll
0x00007ffbb3380000 - 0x00007ffbb3392000 	C:\WINDOWS\SYSTEM32\kernel.appcore.dll
0x00007ffbb2660000 - 0x00007ffbb266a000 	E:\Proga\apps\AndroidStudio\ch-0\222.4459.24.2221.9445173\jbr\bin\jimage.dll
0x00007ffbb2940000 - 0x00007ffbb2b24000 	C:\WINDOWS\SYSTEM32\DBGHELP.DLL
0x00007ffba7990000 - 0x00007ffba79c5000 	C:\WINDOWS\SYSTEM32\dbgcore.DLL
0x00007ffbb5bd0000 - 0x00007ffbb5c52000 	C:\WINDOWS\System32\bcryptPrimitives.dll
0x00007ffbaf030000 - 0x00007ffbaf055000 	E:\Proga\apps\AndroidStudio\ch-0\222.4459.24.2221.9445173\jbr\bin\java.dll
0x00007ffbb08d0000 - 0x00007ffbb08e8000 	E:\Proga\apps\AndroidStudio\ch-0\222.4459.24.2221.9445173\jbr\bin\zip.dll
0x00007ffbb6f30000 - 0x00007ffbb7675000 	C:\WINDOWS\System32\SHELL32.dll
0x00007ffbb3580000 - 0x00007ffbb3d12000 	C:\WINDOWS\SYSTEM32\windows.storage.dll
0x00007ffbb6430000 - 0x00007ffbb6785000 	C:\WINDOWS\System32\combase.dll
0x00007ffbb4eb0000 - 0x00007ffbb4ee0000 	C:\WINDOWS\SYSTEM32\Wldp.dll
0x00007ffbb60a0000 - 0x00007ffbb614d000 	C:\WINDOWS\System32\SHCORE.dll
0x00007ffbb79c0000 - 0x00007ffbb7a15000 	C:\WINDOWS\System32\shlwapi.dll
0x00007ffbb5400000 - 0x00007ffbb541f000 	C:\WINDOWS\SYSTEM32\profapi.dll
0x00007ffbaf770000 - 0x00007ffbaf789000 	E:\Proga\apps\AndroidStudio\ch-0\222.4459.24.2221.9445173\jbr\bin\net.dll
0x00007ffbaccc0000 - 0x00007ffbacdcc000 	C:\WINDOWS\SYSTEM32\WINHTTP.dll
0x00007ffbb4ba0000 - 0x00007ffbb4c0a000 	C:\WINDOWS\system32\mswsock.dll
0x00007ffbac290000 - 0x00007ffbac2a6000 	E:\Proga\apps\AndroidStudio\ch-0\222.4459.24.2221.9445173\jbr\bin\nio.dll
0x00007ffba7e80000 - 0x00007ffba7e90000 	E:\Proga\apps\AndroidStudio\ch-0\222.4459.24.2221.9445173\jbr\bin\verify.dll
0x00007ffba38c0000 - 0x00007ffba38e7000 	C:\Users\\.gradle\native\e1d6ef7f7dcc3fd88c89a11ec53ec762bb8ba0a96d01ffa2cd45eb1d1d8dd5c5\windows-amd64\native-platform.dll
0x00007ffb93210000 - 0x00007ffb93354000 	C:\Users\\.gradle\native\0d407fdbe67a94daf76414ababcb853783967236a71b16ec16e742cd7a986fd3\windows-amd64\native-platform-file-events.dll
0x00007ffbaf890000 - 0x00007ffbaf899000 	E:\Proga\apps\AndroidStudio\ch-0\222.4459.24.2221.9445173\jbr\bin\management.dll
0x00007ffbacb30000 - 0x00007ffbacb3b000 	E:\Proga\apps\AndroidStudio\ch-0\222.4459.24.2221.9445173\jbr\bin\management_ext.dll
0x00007ffbb4d90000 - 0x00007ffbb4da8000 	C:\WINDOWS\SYSTEM32\CRYPTSP.dll
0x00007ffbb44c0000 - 0x00007ffbb44f4000 	C:\WINDOWS\system32\rsaenh.dll
0x00007ffbb5560000 - 0x00007ffbb5587000 	C:\WINDOWS\System32\bcrypt.dll
0x00007ffbb53c0000 - 0x00007ffbb53ee000 	C:\WINDOWS\SYSTEM32\USERENV.dll
0x00007ffbb4db0000 - 0x00007ffbb4dbc000 	C:\WINDOWS\SYSTEM32\CRYPTBASE.dll
0x00007ffbb4890000 - 0x00007ffbb48cb000 	C:\WINDOWS\SYSTEM32\IPHLPAPI.DLL
0x00007ffbb6990000 - 0x00007ffbb6998000 	C:\WINDOWS\System32\NSI.dll
0x00007ffbaacd0000 - 0x00007ffbaace7000 	C:\WINDOWS\SYSTEM32\dhcpcsvc6.DLL
0x00007ffbaad90000 - 0x00007ffbaadad000 	C:\WINDOWS\SYSTEM32\dhcpcsvc.DLL
0x00007ffbb48d0000 - 0x00007ffbb499b000 	C:\WINDOWS\SYSTEM32\DNSAPI.dll
0x00007ffba7e10000 - 0x00007ffba7e17000 	C:\WINDOWS\system32\wshunix.dll
0x00007ffba3470000 - 0x00007ffba347a000 	C:\Windows\System32\rasadhlp.dll
0x00007ffba36e0000 - 0x00007ffba3760000 	C:\WINDOWS\System32\fwpuclnt.dll
0x00007ffbb4550000 - 0x00007ffbb4583000 	C:\WINDOWS\SYSTEM32\ntmarta.dll

dbghelp: loaded successfully - version: 4.0.5 - missing functions: none
symbol engine: initialized successfully - sym options: 0x614 - pdb path: .;E:\Proga\apps\AndroidStudio\ch-0\222.4459.24.2221.9445173\jbr\bin;C:\WINDOWS\SYSTEM32;C:\Program Files\Avast Software\Avast;C:\WINDOWS\WinSxS\amd64_microsoft.windows.common-controls_6595b64144ccf1df_6.0.19041.1110_none_60b5254171f9507e;E:\Proga\apps\AndroidStudio\ch-0\222.4459.24.2221.9445173\jbr\bin\server;C:\Users\\.gradle\native\e1d6ef7f7dcc3fd88c89a11ec53ec762bb8ba0a96d01ffa2cd45eb1d1d8dd5c5\windows-amd64;C:\Users\\.gradle\native\0d407fdbe67a94daf76414ababcb853783967236a71b16ec16e742cd7a986fd3\windows-amd64

VM Arguments:
jvm_args: --add-opens=java.base/java.util=ALL-UNNAMED --add-opens=java.base/java.lang=ALL-UNNAMED --add-opens=java.base/java.lang.invoke=ALL-UNNAMED --add-opens=java.base/java.util=ALL-UNNAMED --add-opens=java.prefs/java.util.prefs=ALL-UNNAMED --add-opens=java.prefs/java.util.prefs=ALL-UNNAMED --add-opens=java.base/java.nio.charset=ALL-UNNAMED --add-opens=java.base/java.net=ALL-UNNAMED --add-opens=java.base/java.util.concurrent.atomic=ALL-UNNAMED -Xmx2048m -Dfile.encoding=UTF-8 -Duser.country=RU -Duser.language=ru -Duser.variant 
java_command: org.gradle.launcher.daemon.bootstrap.GradleDaemon 7.5
java_class_path (initial): C:\Users\\.gradle\wrapper\dists\gradle-7.5-bin\f1w0cc9nuo0eivz97x2xlu9sv\gradle-7.5\lib\gradle-launcher-7.5.jar
Launcher Type: SUN_STANDARD

